Magic120Cell	Version1	4	1	1000
001428564d4d3c1c4f251e4f11112e0034501850020d061c093140382961090f34595f1d2b7550077233084228485e7715156e630f1e7710126b67551c741e
01101f2b1e30292d015944630258504c447247085a291e441a440c732c2a71182177602f5d0d086670180b1372206076692540702729674538102e3a645159
02136b3b157145204f6557744d2e513f0322594b764d3d4d5c7431350e22637631764a703639406a2e6b3b364d252a08263772671d414a20385f38340c0777
0354680b352b385935600d3c2b525218234e300749205c0d2e410c2f3662613429442b7553775c416e73252d5904643b0e2f56071e02330013696528442307
04172c0a6c635c4e0a6d2b003e1850295e41484d2e643f552232543b7374136e493a404a611c704b2a3a3248155f0719130c05333726494f44385001371b2e
05546f07614339220864167077112d560417316d5e41336f1203351b3036696a1f41604f475f343a0c484d154d68606623771a38671a7101473e736b0f260f
06474a5248433f1946546946606d1a0359201c0c214c49016d6659713d2952314d3f6519610439191015616a2d3f3f7116376974711d0a3c7477442f322a76
071348116b6557406f3e265b6a20271438380f3c164f0d025820457333741e227560674711532c4b5815210c4c2b15726b2152484961572e0c2e113e271d30
084812225b4f50066b07591339055f606b4a02542d151e0869113d456e1f12396b653e1c30005d231326084b2111495d73145656636a5f020a6e6b2344100b
09333f595269600064110a30446d2d6401596019207561394e5b103a4d246f2a28053709730f37763f416b056d230b7242127108043a045960420b5c140a1e
0a090956142770425e3a2f39742c156550507748543b1410550355135e0511491d2d6f205b6a0e30403f2050106e1a593a4e05751c4268666a3776773d5421
0b36123773582c235d71314e144f5432591d1f2b59316f562d10294e42145b34706818197372053772520b00692e43453d63766d063a104a36754e10771438
0c57551361335b07572e03176a1024404f1d2668450a5f62186d684f0477514462655043013738544c751e1e6d122d5244753942316f4f30706c63055c1e2e
0d2f585a0104070b731f232a5a7508374960233774305d5a643a516d0e060b4208755c3563273e5563625a1e4730396601482268770b2e3a563b232c2d6139
0e63243d676110110d09474a4e45046e694327104a5430306644423e5f12031b3b7022565604382b30281e685d6f0f0667384f3e295f5d466f5b6a1d0a4877
0f1a3c4e2e21165f597362471a3a322a0a6c2c76565f466a6c344e5323373c224b212f7268682a5c2c4a0a49071800624037104713151d4b72614436430036
100624344950426d58647430760741153c77130f0b565b36233806046c775c440d5e17236130285c0b2934122d621d294513040670124c25462c59241e4962
1169233f2d280c41246406114752634422434a1024640b6a316f3e0f2f62773c4f0f5f53566b561f33530a6f5369042a5e4c1c5737265e215c432567233560
121f6a4e0d0c1b412e225f1e40193662732139742d4d6d31005818415f3210584f3543294b072d0c115b274f3f03054b342c1d5248396245674d213b55233f
130072273a3a29573b1c5b7323766750556f0f24204c3402260e2d5528195a6c6735153f1952745b070f1a081b2c455c3c72043566246d110e0a38724e1f66
140c6a1c640c2046085c1d6166576d3a49740e336c305a122b08155e4a661c276871510d33063f711a055a0a6d3063596c2c212b5f2649572c675d5c020d2d
151533722d7222606a392e3a4c481807173019624354123f6c125a0b4f1c04452c334f4e6c6d451b674a2f21070359150b285a516c184a0c15470f213b301b
1654145b5e6201625d6e24536f1829744750232f64242251222c6e3677671460264c110e4e1f4828633e3e4a170a6b14025a17112b3c384c42204425313b5c
176e2d53310b613f0e65523b61540e5a006801223c3d1e50187573494b71535e1626463a7314584c5040644655546a1640686c3b6f00486531113e096c2d36
183f242d1e49451a3c526534023a27314d44401d0a59622a7108355d006e77365c3b146c2d540f3b0d304f27215a3f300c1c534b770244536e4f073f476f4f
196b7144173a18703b4f76747141494d5c161c52584c4f2d480f3a660812450047162e513e6e4e1f694e76465d0e091b26097032703c3c0565313e72204f5f
1a0e6a062e663f32214d67183e3f322a7204720c134e4a026b553b28401e647555136e696f6046193b1d062f426e5e4425130f40470c41056c750a7322542f
1b4a354c0c62076c2019383c04460a4b5960017121684b3e61316c5e0f0b521d405f4f29316e2744551d4d61370b08373a57113c551f533339340d30545760
1c7540146c47534525746e38322b42153f382f373320005606441957611b5f5d476436214201684e4f5f0d2c02035b57101c025f442b1e324622122a0e3f12
1d1126691022171e74697265070f32460e584c4a394071621463081a2a1d4546741a170e7656144d02656337562c4a4522343234013c48405b67194f092a19
1e08135c676c1f551745282b0f527068612844675401365d041a256c35351313294e5167144114251f3c363466385e233e63175c6d4b4e4e31593f4c5f4e2b
1f67074b105706433c144f2c4c3c626869243e514e0e132d28165c2b5b3707776f62532529554b52710a50032b354a1a2a05692d0a2f14062e3371492f1c64
200b721d2a533e043e125f454a022f4552613d2573676d746e1e1b215e750d5e6a6523306f0d2a09474a49205f274d1b254b2a0317090d1b1b385057592147
2162155b20305445565a46124574425b5765510b6c5d5914411d1b642339293c4b3511034670483904464260597660052a0729096050760e523d1d5a764641
2236584f0d1061445d6c153f5a6248723c034d0b353d74536b19505e4a27134b4c021e2d6d097372407668516e463d1019554528435a4875243f286524000e
233e05676d3d6a230b3e4540354242771b36490e0d504b5e5f084c1a0d55434f391d17573907513e0d2652250326764b526b6e773d764e080f19334e706a52
240852424248775331046d44002c7440356f5f566b6c5f2b1768181c67720876760c227265052028685845006d1d65474c454f35072727412616074e514317
251d2f500f663d0e104b510f6147472409776a223d2b49082d135d68201f3f0f3a42345a0976060128142a5a69351e430952171c0e715b130841284e5f3318
2616093c544a742f234137231a6a0f49007751453b192e6e542a6a12413d0724101a55471d444862774213084c1b277342143611334c665c636c550a085503
270a201f44766f0063284c71494556335f0a606946013f6b326133257137116a14262e403f000e434758166e13040d700914266a741918155715274b5f0c45
2832090e2d0a7527754f60580b406736546548273d5a5e2a720d466c1f5428116b3a024b2f3c472c274308594d4f032017603d4c4d5d731538564d6b4c1922
29163b4d5f61286960362c1f2016560425500a72662d55171a1a73494c6924765b1936335a4d2a331f07442d40113c3b5802023c5753685a0b10684a321a68
2a29653a47352964406e612a49764b3d2e0d0c51460e554869634e30527541715b66276974625d1c1c210911105a6422133d5e54052e03273b065508333e42
2b410256057153701d1f1c234b4105174939736c0c2d3e152d712c191863082648165c4a6b476f256b231d553e4e280d692d17631a7158584c260818484a4f
2c2f5427452d7736624f63073240013c5d0c402f3f0d2d211c002045286a2b07111e4e5a715516755469620d0c71286c0429265c374f475f54173f1825672a
2d23462e04060c106e2d585567531905531a1f530d674f5f17545121041646251159092e3d040d752c72384a236e1c286d0f1e700b6736607356533a36641a
2e252d53670a5e09404f69443e5950086e6f3f0f39361a2e5b352534244f610625645e050f1235156a4d02310340740d3175182e2b5759531f3e436f247024
2f31241b60516637245f6e514226035f6703464e7018251871507115556d6f1117345303242256721c77371b125f3f2328647568351e35082701036d0d6801
300832366f6d5a1d1d6e150f3b1e6a6461171c2a13100c076c013d466a30630114270f0d53266c2c3c25244b5c03010b6f706008075e6a1f320c61071d5f56
3127124e42084b192f266b2a39535432644e107365561731340108433e40095b5b360e1209754e2b2f0848287465360d415b00215b1f0d221573431d6c1006
32390a5a0c343b122532503442622e0c6d6427121770091a1f5c3f2f1f08022e06120b2b1b1e721e1b0a65160f5c2d486432716a754d1a5b4227740776355a
33372e2b75264e0d00584533604c4c2b332e520e6519653e596c6f0a375917415775492c455037130f3d10504b463418662e373b1a50753b3e74126a6e0520
340205505824140335055f59311b411b35455706322c1f0b3e574b1b640227775741093e306350655e096956090c2f0522623c7259283904451750741d651b
352020510e182a360d76181b0c53330f44535526580375260e6f5157180226583408692d645c5c102c5237191e2d3d696006393431666f546f6c2c6325123b
362c033e3314121a6d664a6c4c0362475823385e6b60326740431c722c615f4f210b026e1500087301496a551122404c685122736c292b33663d06035e0613
3703226f4d2e5564630f6e2c065a3c385f116c026f452f251817270f692a195e4e15642b4f215e26420e5b003a355a242c423f185f612b61750d2164413b4f
385d1637410e052b1872304319222806603933385e106d516076367422672428414e194c1a103a3c4905453f471a35072563575d1d690924005322572c5c2a
39695e082d6a496e6346135a2567093c225d5849384323010235486d391566106d3742023d3231773d61544e6e3b140b66066119242b4057002a72400d1f03
3a51425d321e76281b0b010252385d07386a0a4048463128060b020a292265554c27721e060b7116303c344313292b7415733a2458407305211a45051e3a39
3b662f3d69416e551c0e1e761d1c3048031c672d6b5e10353871665164456b56351f5a3625731e144c1218444320336d561c2a010016520c066611101c2014
3c620d222801756c234c244768495e712d492b6f03362866234115651210775d1758041c74651b275b100a4c32534757337313392f0f0631683e101c3d5162
3d0b453739072124293b2f3150102642020d6921532221246e3b5b3a0e6a4a6b1023445c5721621e6a1c570f1e43483157342f520a0c6f45307568651f6948
3e226540063b750b02130c16546760430156386315411b3767120e2f1a776c3b3e6b322f1d59095e7757556754760d30502e4d0019413105711d0040192965
3f6705214300497367093b412139253a4a4e375c4200613e3c6d5766700e0b0666340e0773561649362a494f0b61585e130963442c6439493d3d450d3f2304
40305d186866076373510a1f0f3242211c4311282c12775a093b052b07334a01406f72586c082d1d68664136160d1d4d533343324603214b5d614d60130a1b
410346683154403834667673716d18295774563b6069172a25190b3500645c6638250457123a45136a3f202866752205562974357044063c2830212830166f
424121043a5d031b1f02301c664300290a166c734457234d25642858625d1d4d27242321720c4a5214324b5407424d5e22041c0b586018353634670c63184f
435d5f1d1e1574211217721d432646437166324c655c02045551602735096a342353553a775828450a63302f492b5f3c4940574311694738600c0c12445348
4476536704295559191a63216e3b1e4e6416095b6761504e48731a091236281b61176e3c116818521c371377262042513d5e362c3a0a3e1f5270656f64593d
45174f1c333f5b26581a0315254a582b2b184c3a036e446c283022085a2e232434640642223e5a2067763f512f091f344f5c4b1f1c290d430f07393b4b026b
46113d4e70383a105638296f25165d1c635524125030504104203170601a751f750c401140135b706813544e2f4b77250b331c51145b514b662729596a1858
47685f054b1c183852265c665103142c215753702b0d11004f682b5d16262966202f22100c5e1b1b6d60551b6957485d262f194c4673470e4d2b3b20672f02
4803725936014753660f2538025b014921730d56163767482a362264233056560775532d463e0a191b2c370f596e2d393f7058742664173a5023010a6f472f
49122b687204291f400e352c4a4a7447714a1451144a530c30203e745826144b1501435c6f6312476531456e50166b40055d053c325635393f494a3036330e
4a4b39350d6d5c216d33551e2a590a21380340404a48730b20495b52634d115d642e231e0c13070c604b623c16547623496a0c5a24511f586030114671502c
4b20725d7301226a733a5146294c756601205b5017062c530a2f4c47292e124e2f5f41552f1a316905345d693952196846186b53206b24714e252b1b166a1c
4c021f1627015c4f74315e20604649582a2c56710a1626382c241a627177715f0b760a700b1a585a1f6001170f385046130e39525f23372d0d1009124d566a
4d5034110a280128606d1e64686f0611193d21244920456d625609445d37285e36743e1f6763385258255718182a662a166e59116c01453468541f21695665
4e225b774a4530275a0737577464324f3a3f6e5a05071a587411204e68691f055e473c4b0642281128773b445b76676629712b6e6e021164093d6d61112541
4f5a70590f325d77315b0e744c07323b591d336e3e394e5d663c05631a3d2f4352650432292f0c5c232d16733e740166573e1477323a7065562026146a7572
504810073a592f693318620032453d346f4d02593d341076383f3e15113b0b682702316a234b733b09466072635a1d24177434084f475d4c180a52700b1627
5171535c411a5b4811020647426e076e1d315a6d433e572b6b453420636703504b0b623f1603360b7532606215244c04201a093d3c7374656942520f4b396c
523f165c30045b75191d106f673b056a3703464f1e191a0a22482b340a5812120f04262403714b4b46222356316466681729061661724d0c181f22082c5134
532c7038474a1b105e0e052a3b302717421336002b606b38335a14440c3c052d340c060b68064d603c0f6b77400e00356141706e4f4822294a625e38527721
544d05231575325b77413c49622e504d611608095f6f260e047463670356733d707006751e0c7232314d6b4a035046035632355d192a02751e136353552913
5557756814481b493d2a57524c766768530659531544443f6d247401031611565d7524016857315c0e18542d4b3010502c025131206f542204431750593310
564a431925302c4b3927551d522c0e733a014f2d52130a64312f4a436e431646335e3904282d6b4643303b493a652411305f08202e1f1f125d400e49411b0d
573d2c2a0c461e3517433458331b7631736635360008417002422926542c47271b29655c4254465f22014f3e1a313366531c2e7013190000655255466b4a32
585764173746085a573c572c2b2323226a286a5c14301a46630051224d7749134e4845342b6543445b1e240e3a2c435f5b3259765b75033215642a052a6d2a
591b3441067076635d1a776d27336b296f4f6f05005f1770085214444c694d5d5a530410076c611c655126301b621e21625e42372f075b710f0a1a2d641a12
5a7550504c521b6c4959000064251d355c02380631536a74436e44535b5f1b476a692a4149253361765117733e5d1f1b5147241a241100763223395a62060d
5b136a5f55370351683a24422c1d2b082c4b691a163b341f5247004973726623105b3d3a695534372165160b37725f38746b7267655b14605a5a4c27584a12
5c50094e4e25481674433e26161b20470341741f2b1c556532702e38262c0d3c13295405270f1e534e42471919213544064141365a20234569511f645d591e
5d363c604d522f5e3a1b6918725e3c77120b15104a025133031a39043a00422a62036e2a2a72546811547115713f67370f75032223303e4407415e344c3647
5e4b3773466c682804275d6536572b1b436b383313455064612a31120e25386b003f056b19211d074226725d491d583b60145c7214366c3b1e772e614c6474
5f2655627022391a2f340813542d333d37413529604410112f663a48333931295c235a0d6e2a526c4c6d1007766063173f51331270125c20184027492c3535
603f086c514a27655e5e254d62511e5d012e54552d5a59766b15663b0b591904054d66354b4961754504422d5800010322586b262f290e6a46533837235361
6156406d0e44146a336444186c3d524c2c661d3b2f1f5e55704c48333c741770413d1b5747272e36612b1c506b5e1a0b4934021457143e6d2d5a12735c3917
626e6159036020635c33173523202e033b1c4670054b2e6f4e5b6b3b2a2126656a0629175a0d253308701b34103a5b16010f686051253848423d394d196b27
6330472e670f471408340c244b3942523b05074b1d13043f4d633e122a6d62355a6c5938636e4714241e2119062f233d02215a521b460a3c23086129582d08
642b626f70011a3e365448162e28324d654f343d54541874541b3230562d29710a2e481112253e196d45386b632e35285b6c1b610e07431542280143243f47
65045621055a3e28190a55703f680c27090759273c1657605c443d575e1a472e6818516d76150a171e76696109145d6d1a27045333406c1c2258014b494d73
666a05094b5868504c023d1351525d591e63671b3174024b093703335c7360525d1d320904026071054847467412583a6e521e2656454a551520554e171625
67401c560a4e2d19004b6b6b13331c1023686739624c28363971341175695d396337370d721f5d3c01695840392a43045109633a424f045b7215766b173322
686968120c72481d21666f5e1c3a0c0614630c14486a6939571b0635004067143a7629171f180c5b12200b125176634e186a563871622c6862552b36731955
69731c4311010d08375c711b3d0f2535371516096d1f37055938456318574c2539342e6575014d09626a6c6d7741616d08316d6c5c581c507454485c05040b
6a6142645c772a3d0612764d375b401e430b0e720f6176294f24180e3f311f60636f61455a5f16635318667509282a0f455654246c31093404430c382e5406
6b1c35440f0b6575260b185673121e2539253f3b0a6b002f4b5f162c77562868431e365b730f5a4d001c3e3c142c01654e6b1f582640692e5441464862643e
6c5e0951321b7712706f26186f50674651171d7607241f2302703a3e64361c412c5930744705753f0527481101474f546f0a371d635b696c3a5b063f411076
6d34111963776b4816566c0d260c22402c655c3c6f5b77761b20620d0c7526703107216c1939260b4e0e35366c25625c0837455215296e50286a6571715d30
6e582e53314913483c463d38311f486270521a2f724a0b13694d424c4f441164403f5305704e391c6d4a740b74420b766454453b6f0e58754e494d2504311a
6f1544493c036d1a5c0609302d3d66312f646f1e2e213572192a7648464f2651272f1746074215244a3b4a1b4a163253164501416a523075256e0e733c0b0e
70217138324120710f04290b545f5118613e6e0d475915563f152b001f2a66750550175c003555002d424c5b72182b542e0070556a711d5c334e3a4a464213
712b2b53173b4c0033340127711971150f2f5269700f040c6a143d735058150251323a59582b245e2e2446306716442f3255366f1f2062253c553b5a024b3c
722955361552172e3d77492a563b4f1b5a116e250e1f404a013f0a0800540e7763376e394c0a1d5103262e0829361a49245770713116326b665e0c170e7577
730f4d4a38145f35193f65285f20051377213009690c6b0f5a431d16242e384b61405c07616e305734323258314a0e63264a0f2b01352b276553041c276d06
741f1015113126775005294c394d575169440220190a04135857296f3365070d43044a2f66235d32360d3b5d1129502d340d414e28326f0a624c620262443d
754d4b095a42220d194e75030a27007659564458435e3d735f35011d574727703e723c396e597255676c666f266d5d51132e3b345e671d164d551c54316902
764344025e39760d76652a255f3d132110221d60284f13325b5d1a5f143a6c75546220066d3a3a42201d4c374a4d1468475e621b65735b01775a612b41683e
772f566b15366b406b431e6b0e6c154115075d6f180f70061c1406664303486412681719066d2a2271093c3d50445e6d105e6727724b0a64531f72092f4802
27576	3236	8420	25332	8682	29364	22280	29030	22118	20622
27196	23218	22970	17400	14856	6312	1340	17450	15354	15530
29202	26760	20834	11966	3916	18616	12822	12220	28534	13692
6282	29374	6980	10116	29960	28790	2066	27384	29590	15468
30526	29412	29074	24560	11692	24144	21932	11650	18040	8346
21350	29572	11590	23494	13046	11120	10058	25904	27090	1726
19286	20774	10582	16624	2828	6754	25820	20822	25460	28318
21616	7460	5978	9206	16450	30068	18990	26044	28638	5156
30302	25426	5758	9194	29092	10380	19546	17040	1820	2414
15206	28340	1978	14986	3864	16500	2074	15050	15190	862
5642	12630	18524	19678	5852	18878	480	20948	23580	5314
27154	9514	4836	3696	25474	30238	10958	25808	28522	21420
368	26256	10574	11324	3282	20996	23278	13450	11898	4228
30454	74	28458	15212	7020	20082	15110	3676	4846	9130
8408	29314	8436	1160	20026	8266	25968	17464	14574	8784
25176	1480	16378	458	27352	25544	23630	27010	10566	7910
28494	14184	23354	20392	30404	2538	1774	25850	8946	8738
4256	8292	22118	6330	19882	4280	21092	22354	27928	19026
9400	15438	22694	11588	18808	21378	314	22734	7770	13216
28600	16304	7588	1158	21308	2064	13916	27002	14214	6954
12536	27508	16876	1374	26932	20448	14710	28040	4232	5920
2570	22368	878	2250	272	996	28844	9018	322	17564
27062	15534	13388	10090	16304	21520	1264	10450	17890	11104
22040	12514	10080	29706	11428	4056	20290	27678	5608	6454
16340	20354	25484	15942	30144	10856	26786	25578	24936	15518
17556	25964	4774	1678	21558	8692	19614	18776	14126	19028
24040	24472	1228	15266	6256	26506	82	1298	4382	7710
752	12628	1404	12646	472	20160	19222	15736	14508	5604
6516	8846	24756	3160	21764	24276	14830	15800	2722	4838
1368	2762	18818	7110	15396	4148	25992	5364	8008	10510
16848	24912	6318	12534	16312	30428	28622	24970	19238	14818
26570	29922	23480	27404	6362	28016	11030	6856	12630	21106
1270	1130	8398	28760	24382	14386	3538	15814	21258	23902
10664	19142	7690	15302	25746	19344	14796	7218	7718	22322
23896	29522	30428	20300	23066	26680	21002	26782	2486	19276
1908	314	10214	7340	934	12812	6200	4282	24032	9732
26958	26870	26716	14896	25032	29508	28498	1780	1288	8116
2630	4404	916	14326	22036	6888	3960	104	17412	19132
29532	2530	27302	7074	13254	174	19126	24008	26912	18444
10148	25066	4816	27182	26390	18444	28116	20510	12268	5494
936	14350	28282	26104	14660	8138	25302	4622	15056	12312
18012	25492	9190	13006	8082	18080	15068	27278	22694	10364
30498	1626	14508	23532	29462	17540	22848	19476	12372	26718
1970	934	27942	16854	20426	19928	12634	12642	29924	15174
2346	13524	26490	5824	15826	8928	14118	27032	8600	21654
15070	12770	28142	13198	25558	14318	11400	28858	11044	9694
9466	17594	20016	5286	24776	13320	18962	12038	7498	23268
22852	25250	24950	23682	28794	13278	5920	2478	20618	13648
8542	16700	12188	11174	3798	14136	29256	22822	4286	8610
29120	11510	23322	17544	24890	21222	14866	12180	16084	29584
16932	27984	19256	6818	8132	10234	23106	9318	2634	30548
30026	4330	17548	24602	11736	18008	8340	20108	8306	30004
19524	5448	4592	18122	3688	14026	2278	6230	12126	28858
14726	8084	2152	8738	852	10266	19766	10602	20618	19112
2406	434	11296	10254	28586	4582	23384	15728	6008	9584
3852	2098	28850	15058	582	23464	25670	18224	27316	26934
18996	27072	840	7406	21296	1668	7028	9802	26074	9460
13256	5382	7428	26690	23324	29858	23602	15768	8612	18010
25950	15206	24076	13198	22696	10906	540	22734	17022	3590
18762	12084	27672	8762	3086	25988	14360	5732	13750	26588
12248	30500	5970	26000	23878	3366	29070	14882	5022	3910
1822	9050	11168	2456	12472	822	12496	5912	666	11626
1918	29756	15510	29806	20364	16818	1670	2832	18498	13116
24202	6128	15208	14702	16922	15744	1998	1580	19736	26698
26252	15388	20690	5024	302	20968	1196	10852	29400	22250
8620	18298	9522	25724	22492	10598	28718	8972	18752	560
13912	9274	8350	2552	30380	2962	14326	2242	18632	24266
14746	19292	6546	12926	1452	22354	7528	22224	20400	13006
2176	27880	15130	9718	12020	6676	11180	24840	13960	14134
29308	21118	16268	3882	25322	24286	11500	14458	9618	15178
3314	5926	29762	25070	9034	29688	16738	17766	19800	12414
4840	24206	2690	266	22606	15302	17628	12008	11990	5282
17996	8264	19282	5732	15776	30344	8372	4582	25200	15904
27208	23006	11656	29164	17016	30224	24404	14158	29018	9934
30066	21940	9402	16416	30114	18520	15508	4004	8030	11938
20840	23784	10786	6032	18574	19794	7122	22916	10888	15566
4222	12986	11580	25670	13386	14508	17424	8484	2154	17478
12500	18268	4286	12530	24530	8812	12472	15146	21000	7748
896	1652	1224	14354	14000	640	7902	6782	20460	2012
21814	22694	24678	19622	12136	24850	12928	30310	7920	9478
4158	6110	15584	2758	6094	602	6952	5568	20380	24536
18286	27958	18900	30288	4770	21132	6594	24746	11172	3366
29260	11538	27852	8436	29322	28508	28804	22732	19470	15830
23686	8168	20100	16210	6986	15030	11194	27300	3312	27354
21548	27666	28784	6126	27262	18628	19674	10850	19472	26822
3356	16210	12476	27182	11712	940	11086	10120	12828	22514
16710	25196	5196	25226	29464	1508	29846	16562	550	3414
25794	19408	4690	14714	25466	7138	27414	1810	178	28884
11622	25798	2862	22024	14512	18676	15534	15136	14624	4596
20076	27862	23312	14640	12584	7394	944	15392	15666	304
21550	17776	22364	4408	8692	14854	24232	4698	25788	9994
20394	13246	22930	18862	9890	29996	23058	9188	16524	20742
12396	29608	27024	13492	2264	26062	11578	7792	15164	29078
2102	21378	2948	29376	476	21490	30498	4780	22798	4988
1594	4156	28804	11070	21368	11448	5130	18834	580	16136
20376	3708	27066	20660	22116	16318	12190	1202	25578	5392
20102	21278	7572	13296	1130	20904	24994	2914	27842	30648
1356	13944	1968	216	1620	24792	26610	17220	14754	29928
6230	19216	29520	26652	10120	12648	6792	12538	25298	29914
14326	25606	13950	10652	1550	2220	16530	66	4942	20546
